  imgui.cpp
  imgui_demo.cpp
  imgui_draw.cpp
  imgui_impl_glfw.cpp
  imgui_impl_opengl3.cpp
  colorDefine.cpp
  Config.cpp
  cubeTracker.cpp
  k_Combinatorics.cpp
  k_CoordSys.cpp
  k_Cube.cpp
  k_CubeParser.cpp
  k_FaceletCube.cpp
  k_KociMain.cpp
  k_KociMainFunc.cpp
  k_MoveTable.cpp
  k_PruningTable.cpp
  k_RubiksCube.cpp
  k_Solver.cpp
  k_Step.cpp
c:\users\shinelon\documents\github\rubikscuberobot\rcr_ch\界面原程序\imgui_opengl3\opengl3\opengl3\k_step.cpp(96): warning C4267: 'argument': conversion from 'size_t' to 'int', possible loss of data
c:\users\shinelon\documents\github\rubikscuberobot\rcr_ch\界面原程序\imgui_opengl3\opengl3\opengl3\k_step.cpp(113): warning C4267: 'argument': conversion from 'size_t' to 'int', possible loss of data
c:\users\shinelon\documents\github\rubikscuberobot\rcr_ch\界面原程序\imgui_opengl3\opengl3\opengl3\k_step.cpp(127): warning C4267: 'argument': conversion from 'size_t' to 'int', possible loss of data
c:\users\shinelon\documents\github\rubikscuberobot\rcr_ch\界面原程序\imgui_opengl3\opengl3\opengl3\k_step.cpp(128): warning C4267: 'argument': conversion from 'size_t' to 'int', possible loss of data
c:\users\shinelon\documents\github\rubikscuberobot\rcr_ch\界面原程序\imgui_opengl3\opengl3\opengl3\k_step.cpp(139): warning C4267: 'argument': conversion from 'size_t' to 'int', possible loss of data
c:\users\shinelon\documents\github\rubikscuberobot\rcr_ch\界面原程序\imgui_opengl3\opengl3\opengl3\k_step.cpp(140): warning C4267: 'argument': conversion from 'size_t' to 'int', possible loss of data
c:\users\shinelon\documents\github\rubikscuberobot\rcr_ch\界面原程序\imgui_opengl3\opengl3\opengl3\k_step.cpp(144): warning C4267: 'argument': conversion from 'size_t' to 'int', possible loss of data
c:\users\shinelon\documents\github\rubikscuberobot\rcr_ch\界面原程序\imgui_opengl3\opengl3\opengl3\k_step.cpp(145): warning C4267: 'argument': conversion from 'size_t' to 'int', possible loss of data
c:\users\shinelon\documents\github\rubikscuberobot\rcr_ch\界面原程序\imgui_opengl3\opengl3\opengl3\k_step.cpp(150): warning C4267: 'argument': conversion from 'size_t' to 'int', possible loss of data
c:\users\shinelon\documents\github\rubikscuberobot\rcr_ch\界面原程序\imgui_opengl3\opengl3\opengl3\k_step.cpp(151): warning C4267: 'argument': conversion from 'size_t' to 'int', possible loss of data
c:\users\shinelon\documents\github\rubikscuberobot\rcr_ch\界面原程序\imgui_opengl3\opengl3\opengl3\k_step.cpp(163): warning C4267: 'argument': conversion from 'size_t' to 'int', possible loss of data
c:\users\shinelon\documents\github\rubikscuberobot\rcr_ch\界面原程序\imgui_opengl3\opengl3\opengl3\k_step.cpp(164): warning C4267: 'argument': conversion from 'size_t' to 'int', possible loss of data
c:\users\shinelon\documents\github\rubikscuberobot\rcr_ch\界面原程序\imgui_opengl3\opengl3\opengl3\k_step.cpp(168): warning C4267: 'argument': conversion from 'size_t' to 'int', possible loss of data
c:\users\shinelon\documents\github\rubikscuberobot\rcr_ch\界面原程序\imgui_opengl3\opengl3\opengl3\k_step.cpp(169): warning C4267: 'argument': conversion from 'size_t' to 'int', possible loss of data
c:\users\shinelon\documents\github\rubikscuberobot\rcr_ch\界面原程序\imgui_opengl3\opengl3\opengl3\k_step.cpp(174): warning C4267: 'argument': conversion from 'size_t' to 'int', possible loss of data
c:\users\shinelon\documents\github\rubikscuberobot\rcr_ch\界面原程序\imgui_opengl3\opengl3\opengl3\k_step.cpp(175): warning C4267: 'argument': conversion from 'size_t' to 'int', possible loss of data
c:\users\shinelon\documents\github\rubikscuberobot\rcr_ch\界面原程序\imgui_opengl3\opengl3\opengl3\k_step.cpp(261): warning C4267: 'argument': conversion from 'size_t' to 'int', possible loss of data
c:\users\shinelon\documents\github\rubikscuberobot\rcr_ch\界面原程序\imgui_opengl3\opengl3\opengl3\k_step.cpp(277): warning C4267: 'argument': conversion from 'size_t' to 'int', possible loss of data
c:\users\shinelon\documents\github\rubikscuberobot\rcr_ch\界面原程序\imgui_opengl3\opengl3\opengl3\k_step.cpp(278): warning C4267: 'argument': conversion from 'size_t' to 'int', possible loss of data
c:\users\shinelon\documents\github\rubikscuberobot\rcr_ch\界面原程序\imgui_opengl3\opengl3\opengl3\k_step.cpp(284): warning C4267: 'argument': conversion from 'size_t' to 'int', possible loss of data
c:\users\shinelon\documents\github\rubikscuberobot\rcr_ch\界面原程序\imgui_opengl3\opengl3\opengl3\k_step.cpp(285): warning C4267: 'argument': conversion from 'size_t' to 'int', possible loss of data
c:\users\shinelon\documents\github\rubikscuberobot\rcr_ch\界面原程序\imgui_opengl3\opengl3\opengl3\k_step.cpp(305): warning C4267: 'argument': conversion from 'size_t' to 'int', possible loss of data
c:\users\shinelon\documents\github\rubikscuberobot\rcr_ch\界面原程序\imgui_opengl3\opengl3\opengl3\k_step.cpp(306): warning C4267: 'argument': conversion from 'size_t' to 'int', possible loss of data
c:\users\shinelon\documents\github\rubikscuberobot\rcr_ch\界面原程序\imgui_opengl3\opengl3\opengl3\k_step.cpp(310): warning C4267: 'argument': conversion from 'size_t' to 'int', possible loss of data
c:\users\shinelon\documents\github\rubikscuberobot\rcr_ch\界面原程序\imgui_opengl3\opengl3\opengl3\k_step.cpp(311): warning C4267: 'argument': conversion from 'size_t' to 'int', possible loss of data
c:\users\shinelon\documents\github\rubikscuberobot\rcr_ch\界面原程序\imgui_opengl3\opengl3\opengl3\k_step.cpp(316): warning C4267: 'argument': conversion from 'size_t' to 'int', possible loss of data
c:\users\shinelon\documents\github\rubikscuberobot\rcr_ch\界面原程序\imgui_opengl3\opengl3\opengl3\k_step.cpp(317): warning C4267: 'argument': conversion from 'size_t' to 'int', possible loss of data
c:\users\shinelon\documents\github\rubikscuberobot\rcr_ch\界面原程序\imgui_opengl3\opengl3\opengl3\k_step.cpp(329): warning C4267: 'argument': conversion from 'size_t' to 'int', possible loss of data
c:\users\shinelon\documents\github\rubikscuberobot\rcr_ch\界面原程序\imgui_opengl3\opengl3\opengl3\k_step.cpp(330): warning C4267: 'argument': conversion from 'size_t' to 'int', possible loss of data
c:\users\shinelon\documents\github\rubikscuberobot\rcr_ch\界面原程序\imgui_opengl3\opengl3\opengl3\k_step.cpp(334): warning C4267: 'argument': conversion from 'size_t' to 'int', possible loss of data
c:\users\shinelon\documents\github\rubikscuberobot\rcr_ch\界面原程序\imgui_opengl3\opengl3\opengl3\k_step.cpp(335): warning C4267: 'argument': conversion from 'size_t' to 'int', possible loss of data
c:\users\shinelon\documents\github\rubikscuberobot\rcr_ch\界面原程序\imgui_opengl3\opengl3\opengl3\k_step.cpp(340): warning C4267: 'argument': conversion from 'size_t' to 'int', possible loss of data
c:\users\shinelon\documents\github\rubikscuberobot\rcr_ch\界面原程序\imgui_opengl3\opengl3\opengl3\k_step.cpp(341): warning C4267: 'argument': conversion from 'size_t' to 'int', possible loss of data
c:\users\shinelon\documents\github\rubikscuberobot\rcr_ch\界面原程序\imgui_opengl3\opengl3\opengl3\k_step.cpp(355): warning C4267: 'argument': conversion from 'size_t' to 'int', possible loss of data
c:\users\shinelon\documents\github\rubikscuberobot\rcr_ch\界面原程序\imgui_opengl3\opengl3\opengl3\k_step.cpp(358): warning C4267: 'argument': conversion from 'size_t' to 'int', possible loss of data
c:\users\shinelon\documents\github\rubikscuberobot\rcr_ch\界面原程序\imgui_opengl3\opengl3\opengl3\k_step.cpp(372): warning C4267: 'argument': conversion from 'size_t' to 'int', possible loss of data
c:\users\shinelon\documents\github\rubikscuberobot\rcr_ch\界面原程序\imgui_opengl3\opengl3\opengl3\k_step.cpp(373): warning C4267: 'argument': conversion from 'size_t' to 'int', possible loss of data
c:\users\shinelon\documents\github\rubikscuberobot\rcr_ch\界面原程序\imgui_opengl3\opengl3\opengl3\k_step.cpp(377): warning C4267: 'argument': conversion from 'size_t' to 'int', possible loss of data
c:\users\shinelon\documents\github\rubikscuberobot\rcr_ch\界面原程序\imgui_opengl3\opengl3\opengl3\k_step.cpp(378): warning C4267: 'argument': conversion from 'size_t' to 'int', possible loss of data
c:\users\shinelon\documents\github\rubikscuberobot\rcr_ch\界面原程序\imgui_opengl3\opengl3\opengl3\k_step.cpp(383): warning C4267: 'argument': conversion from 'size_t' to 'int', possible loss of data
c:\users\shinelon\documents\github\rubikscuberobot\rcr_ch\界面原程序\imgui_opengl3\opengl3\opengl3\k_step.cpp(384): warning C4267: 'argument': conversion from 'size_t' to 'int', possible loss of data
c:\users\shinelon\documents\github\rubikscuberobot\rcr_ch\界面原程序\imgui_opengl3\opengl3\opengl3\k_step.cpp(391): warning C4267: 'argument': conversion from 'size_t' to 'int', possible loss of data
c:\users\shinelon\documents\github\rubikscuberobot\rcr_ch\界面原程序\imgui_opengl3\opengl3\opengl3\k_step.cpp(392): warning C4267: 'argument': conversion from 'size_t' to 'int', possible loss of data
c:\users\shinelon\documents\github\rubikscuberobot\rcr_ch\界面原程序\imgui_opengl3\opengl3\opengl3\k_step.cpp(398): warning C4267: 'argument': conversion from 'size_t' to 'int', possible loss of data
c:\users\shinelon\documents\github\rubikscuberobot\rcr_ch\界面原程序\imgui_opengl3\opengl3\opengl3\k_step.cpp(399): warning C4267: 'argument': conversion from 'size_t' to 'int', possible loss of data
c:\users\shinelon\documents\github\rubikscuberobot\rcr_ch\界面原程序\imgui_opengl3\opengl3\opengl3\k_step.cpp(410): warning C4267: 'argument': conversion from 'size_t' to 'int', possible loss of data
c:\users\shinelon\documents\github\rubikscuberobot\rcr_ch\界面原程序\imgui_opengl3\opengl3\opengl3\k_step.cpp(411): warning C4267: 'argument': conversion from 'size_t' to 'int', possible loss of data
c:\users\shinelon\documents\github\rubikscuberobot\rcr_ch\界面原程序\imgui_opengl3\opengl3\opengl3\k_step.cpp(415): warning C4267: 'argument': conversion from 'size_t' to 'int', possible loss of data
c:\users\shinelon\documents\github\rubikscuberobot\rcr_ch\界面原程序\imgui_opengl3\opengl3\opengl3\k_step.cpp(416): warning C4267: 'argument': conversion from 'size_t' to 'int', possible loss of data
c:\users\shinelon\documents\github\rubikscuberobot\rcr_ch\界面原程序\imgui_opengl3\opengl3\opengl3\k_step.cpp(421): warning C4267: 'argument': conversion from 'size_t' to 'int', possible loss of data
c:\users\shinelon\documents\github\rubikscuberobot\rcr_ch\界面原程序\imgui_opengl3\opengl3\opengl3\k_step.cpp(422): warning C4267: 'argument': conversion from 'size_t' to 'int', possible loss of data
c:\users\shinelon\documents\github\rubikscuberobot\rcr_ch\界面原程序\imgui_opengl3\opengl3\opengl3\k_step.cpp(435): warning C4267: 'argument': conversion from 'size_t' to 'int', possible loss of data
c:\users\shinelon\documents\github\rubikscuberobot\rcr_ch\界面原程序\imgui_opengl3\opengl3\opengl3\k_step.cpp(437): warning C4267: 'argument': conversion from 'size_t' to 'int', possible loss of data
c:\users\shinelon\documents\github\rubikscuberobot\rcr_ch\界面原程序\imgui_opengl3\opengl3\opengl3\k_step.cpp(440): warning C4267: 'argument': conversion from 'size_t' to 'int', possible loss of data
c:\users\shinelon\documents\github\rubikscuberobot\rcr_ch\界面原程序\imgui_opengl3\opengl3\opengl3\k_step.cpp(442): warning C4267: 'argument': conversion from 'size_t' to 'int', possible loss of data
c:\users\shinelon\documents\github\rubikscuberobot\rcr_ch\界面原程序\imgui_opengl3\opengl3\opengl3\k_step.cpp(456): warning C4267: 'argument': conversion from 'size_t' to 'int', possible loss of data
c:\users\shinelon\documents\github\rubikscuberobot\rcr_ch\界面原程序\imgui_opengl3\opengl3\opengl3\k_step.cpp(459): warning C4267: 'argument': conversion from 'size_t' to 'int', possible loss of data
c:\users\shinelon\documents\github\rubikscuberobot\rcr_ch\界面原程序\imgui_opengl3\opengl3\opengl3\k_step.cpp(473): warning C4267: 'argument': conversion from 'size_t' to 'int', possible loss of data
c:\users\shinelon\documents\github\rubikscuberobot\rcr_ch\界面原程序\imgui_opengl3\opengl3\opengl3\k_step.cpp(474): warning C4267: 'argument': conversion from 'size_t' to 'int', possible loss of data
c:\users\shinelon\documents\github\rubikscuberobot\rcr_ch\界面原程序\imgui_opengl3\opengl3\opengl3\k_step.cpp(478): warning C4267: 'argument': conversion from 'size_t' to 'int', possible loss of data
c:\users\shinelon\documents\github\rubikscuberobot\rcr_ch\界面原程序\imgui_opengl3\opengl3\opengl3\k_step.cpp(479): warning C4267: 'argument': conversion from 'size_t' to 'int', possible loss of data
c:\users\shinelon\documents\github\rubikscuberobot\rcr_ch\界面原程序\imgui_opengl3\opengl3\opengl3\k_step.cpp(484): warning C4267: 'argument': conversion from 'size_t' to 'int', possible loss of data
c:\users\shinelon\documents\github\rubikscuberobot\rcr_ch\界面原程序\imgui_opengl3\opengl3\opengl3\k_step.cpp(485): warning C4267: 'argument': conversion from 'size_t' to 'int', possible loss of data
c:\users\shinelon\documents\github\rubikscuberobot\rcr_ch\界面原程序\imgui_opengl3\opengl3\opengl3\k_step.cpp(492): warning C4267: 'argument': conversion from 'size_t' to 'int', possible loss of data
c:\users\shinelon\documents\github\rubikscuberobot\rcr_ch\界面原程序\imgui_opengl3\opengl3\opengl3\k_step.cpp(493): warning C4267: 'argument': conversion from 'size_t' to 'int', possible loss of data
c:\users\shinelon\documents\github\rubikscuberobot\rcr_ch\界面原程序\imgui_opengl3\opengl3\opengl3\k_step.cpp(499): warning C4267: 'argument': conversion from 'size_t' to 'int', possible loss of data
c:\users\shinelon\documents\github\rubikscuberobot\rcr_ch\界面原程序\imgui_opengl3\opengl3\opengl3\k_step.cpp(500): warning C4267: 'argument': conversion from 'size_t' to 'int', possible loss of data
c:\users\shinelon\documents\github\rubikscuberobot\rcr_ch\界面原程序\imgui_opengl3\opengl3\opengl3\k_step.cpp(511): warning C4267: 'argument': conversion from 'size_t' to 'int', possible loss of data
c:\users\shinelon\documents\github\rubikscuberobot\rcr_ch\界面原程序\imgui_opengl3\opengl3\opengl3\k_step.cpp(512): warning C4267: 'argument': conversion from 'size_t' to 'int', possible loss of data
c:\users\shinelon\documents\github\rubikscuberobot\rcr_ch\界面原程序\imgui_opengl3\opengl3\opengl3\k_step.cpp(516): warning C4267: 'argument': conversion from 'size_t' to 'int', possible loss of data
c:\users\shinelon\documents\github\rubikscuberobot\rcr_ch\界面原程序\imgui_opengl3\opengl3\opengl3\k_step.cpp(517): warning C4267: 'argument': conversion from 'size_t' to 'int', possible loss of data
c:\users\shinelon\documents\github\rubikscuberobot\rcr_ch\界面原程序\imgui_opengl3\opengl3\opengl3\k_step.cpp(522): warning C4267: 'argument': conversion from 'size_t' to 'int', possible loss of data
c:\users\shinelon\documents\github\rubikscuberobot\rcr_ch\界面原程序\imgui_opengl3\opengl3\opengl3\k_step.cpp(523): warning C4267: 'argument': conversion from 'size_t' to 'int', possible loss of data
c:\users\shinelon\documents\github\rubikscuberobot\rcr_ch\界面原程序\imgui_opengl3\opengl3\opengl3\k_step.cpp(532): warning C4267: 'argument': conversion from 'size_t' to 'int', possible loss of data
c:\users\shinelon\documents\github\rubikscuberobot\rcr_ch\界面原程序\imgui_opengl3\opengl3\opengl3\k_step.cpp(534): warning C4267: 'argument': conversion from 'size_t' to 'int', possible loss of data
c:\users\shinelon\documents\github\rubikscuberobot\rcr_ch\界面原程序\imgui_opengl3\opengl3\opengl3\k_step.cpp(537): warning C4267: 'argument': conversion from 'size_t' to 'int', possible loss of data
c:\users\shinelon\documents\github\rubikscuberobot\rcr_ch\界面原程序\imgui_opengl3\opengl3\opengl3\k_step.cpp(539): warning C4267: 'argument': conversion from 'size_t' to 'int', possible loss of data
c:\users\shinelon\documents\github\rubikscuberobot\rcr_ch\界面原程序\imgui_opengl3\opengl3\opengl3\k_step.cpp(715): warning C4267: 'argument': conversion from 'size_t' to 'int', possible loss of data
c:\users\shinelon\documents\github\rubikscuberobot\rcr_ch\界面原程序\imgui_opengl3\opengl3\opengl3\k_step.cpp(717): warning C4267: 'argument': conversion from 'size_t' to 'int', possible loss of data
c:\users\shinelon\documents\github\rubikscuberobot\rcr_ch\界面原程序\imgui_opengl3\opengl3\opengl3\k_step.cpp(726): warning C4267: 'argument': conversion from 'size_t' to 'int', possible loss of data
c:\users\shinelon\documents\github\rubikscuberobot\rcr_ch\界面原程序\imgui_opengl3\opengl3\opengl3\k_step.cpp(728): warning C4267: 'argument': conversion from 'size_t' to 'int', possible loss of data
c:\users\shinelon\documents\github\rubikscuberobot\rcr_ch\界面原程序\imgui_opengl3\opengl3\opengl3\k_step.cpp(738): warning C4267: 'argument': conversion from 'size_t' to 'int', possible loss of data
c:\users\shinelon\documents\github\rubikscuberobot\rcr_ch\界面原程序\imgui_opengl3\opengl3\opengl3\k_step.cpp(740): warning C4267: 'argument': conversion from 'size_t' to 'int', possible loss of data
c:\users\shinelon\documents\github\rubikscuberobot\rcr_ch\界面原程序\imgui_opengl3\opengl3\opengl3\k_step.cpp(749): warning C4267: 'argument': conversion from 'size_t' to 'int', possible loss of data
c:\users\shinelon\documents\github\rubikscuberobot\rcr_ch\界面原程序\imgui_opengl3\opengl3\opengl3\k_step.cpp(752): warning C4267: 'argument': conversion from 'size_t' to 'int', possible loss of data
c:\users\shinelon\documents\github\rubikscuberobot\rcr_ch\界面原程序\imgui_opengl3\opengl3\opengl3\k_step.cpp(753): warning C4267: 'argument': conversion from 'size_t' to 'int', possible loss of data
c:\users\shinelon\documents\github\rubikscuberobot\rcr_ch\界面原程序\imgui_opengl3\opengl3\opengl3\k_step.cpp(755): warning C4267: 'argument': conversion from 'size_t' to 'int', possible loss of data
  Compiling...
  k_Vector.cpp
  main.cpp
  Serial.cpp
  Timer.cpp
  UI.cpp
c:\users\shinelon\documents\github\rubikscuberobot\rcr_ch\界面原程序\imgui_opengl3\opengl3\opengl3\ui.cpp(52): warning C4100: 'window': unreferenced formal parameter
c:\users\shinelon\documents\github\rubikscuberobot\rcr_ch\界面原程序\imgui_opengl3\opengl3\opengl3\ui.cpp(60): warning C4100: 'window': unreferenced formal parameter
c:\users\shinelon\documents\github\rubikscuberobot\rcr_ch\界面原程序\imgui_opengl3\opengl3\opengl3\ui.cpp(68): warning C4100: 'window': unreferenced formal parameter
c:\users\shinelon\documents\github\rubikscuberobot\rcr_ch\界面原程序\imgui_opengl3\opengl3\opengl3\ui.cpp(76): warning C4100: 'window': unreferenced formal parameter
  gl3w.c
  Generating code
  2687 of 2703 functions (99.4%) were compiled, the rest were copied from previous compilation.
    104 functions were new in current compilation
    0 functions had inline decision re-evaluated but remain unchanged
  Finished generating code
  imgui_opengl3.vcxproj -> C:\Users\Shinelon\Documents\GitHub\RubiksCubeRobot\RCR_ch\界面原程序\imgui_opengl3\opengl3\opengl3\Release\imgui_opengl3.exe
