c:\users\shinelon\documents\github\rubikscuberobot\rcr_ch\界面原程序\imgui_opengl3\opengl3\opengl3\release\vc141.pdb
c:\users\shinelon\documents\github\rubikscuberobot\rcr_ch\界面原程序\imgui_opengl3\opengl3\opengl3\release\k_step.obj
c:\users\shinelon\documents\github\rubikscuberobot\rcr_ch\界面原程序\imgui_opengl3\opengl3\opengl3\release\k_solver.obj
c:\users\shinelon\documents\github\rubikscuberobot\rcr_ch\界面原程序\imgui_opengl3\opengl3\opengl3\release\k_rubikscube.obj
c:\users\shinelon\documents\github\rubikscuberobot\rcr_ch\界面原程序\imgui_opengl3\opengl3\opengl3\release\k_pruningtable.obj
c:\users\shinelon\documents\github\rubikscuberobot\rcr_ch\界面原程序\imgui_opengl3\opengl3\opengl3\release\k_movetable.obj
c:\users\shinelon\documents\github\rubikscuberobot\rcr_ch\界面原程序\imgui_opengl3\opengl3\opengl3\release\k_kocimainfunc.obj
c:\users\shinelon\documents\github\rubikscuberobot\rcr_ch\界面原程序\imgui_opengl3\opengl3\opengl3\release\k_kocimain.obj
c:\users\shinelon\documents\github\rubikscuberobot\rcr_ch\界面原程序\imgui_opengl3\opengl3\opengl3\release\k_faceletcube.obj
c:\users\shinelon\documents\github\rubikscuberobot\rcr_ch\界面原程序\imgui_opengl3\opengl3\opengl3\release\k_cubeparser.obj
c:\users\shinelon\documents\github\rubikscuberobot\rcr_ch\界面原程序\imgui_opengl3\opengl3\opengl3\release\k_cube.obj
c:\users\shinelon\documents\github\rubikscuberobot\rcr_ch\界面原程序\imgui_opengl3\opengl3\opengl3\release\k_coordsys.obj
c:\users\shinelon\documents\github\rubikscuberobot\rcr_ch\界面原程序\imgui_opengl3\opengl3\opengl3\release\k_combinatorics.obj
c:\users\shinelon\documents\github\rubikscuberobot\rcr_ch\界面原程序\imgui_opengl3\opengl3\opengl3\release\cubetracker.obj
c:\users\shinelon\documents\github\rubikscuberobot\rcr_ch\界面原程序\imgui_opengl3\opengl3\opengl3\release\config.obj
c:\users\shinelon\documents\github\rubikscuberobot\rcr_ch\界面原程序\imgui_opengl3\opengl3\opengl3\release\colordefine.obj
c:\users\shinelon\documents\github\rubikscuberobot\rcr_ch\界面原程序\imgui_opengl3\opengl3\opengl3\release\imgui_impl_opengl3.obj
c:\users\shinelon\documents\github\rubikscuberobot\rcr_ch\界面原程序\imgui_opengl3\opengl3\opengl3\release\imgui_impl_glfw.obj
c:\users\shinelon\documents\github\rubikscuberobot\rcr_ch\界面原程序\imgui_opengl3\opengl3\opengl3\release\imgui_draw.obj
c:\users\shinelon\documents\github\rubikscuberobot\rcr_ch\界面原程序\imgui_opengl3\opengl3\opengl3\release\imgui_demo.obj
c:\users\shinelon\documents\github\rubikscuberobot\rcr_ch\界面原程序\imgui_opengl3\opengl3\opengl3\release\imgui.obj
c:\users\shinelon\documents\github\rubikscuberobot\rcr_ch\界面原程序\imgui_opengl3\opengl3\opengl3\release\ui.obj
c:\users\shinelon\documents\github\rubikscuberobot\rcr_ch\界面原程序\imgui_opengl3\opengl3\opengl3\release\timer.obj
c:\users\shinelon\documents\github\rubikscuberobot\rcr_ch\界面原程序\imgui_opengl3\opengl3\opengl3\release\serial.obj
c:\users\shinelon\documents\github\rubikscuberobot\rcr_ch\界面原程序\imgui_opengl3\opengl3\opengl3\release\main.obj
c:\users\shinelon\documents\github\rubikscuberobot\rcr_ch\界面原程序\imgui_opengl3\opengl3\opengl3\release\k_vector.obj
c:\users\shinelon\documents\github\rubikscuberobot\rcr_ch\界面原程序\imgui_opengl3\opengl3\opengl3\release\gl3w.obj
c:\users\shinelon\documents\github\rubikscuberobot\rcr_ch\界面原程序\imgui_opengl3\opengl3\opengl3\release\imgui_opengl3.ipdb
c:\users\shinelon\documents\github\rubikscuberobot\rcr_ch\界面原程序\imgui_opengl3\opengl3\opengl3\release\imgui_opengl3.iobj
c:\users\shinelon\documents\github\rubikscuberobot\rcr_ch\界面原程序\imgui_opengl3\opengl3\opengl3\release\imgui_opengl3.pdb
c:\users\shinelon\documents\github\rubikscuberobot\rcr_ch\界面原程序\imgui_opengl3\opengl3\opengl3\release\imgui_opengl3.tlog\cl.command.1.tlog
c:\users\shinelon\documents\github\rubikscuberobot\rcr_ch\界面原程序\imgui_opengl3\opengl3\opengl3\release\imgui_opengl3.tlog\cl.read.1.tlog
c:\users\shinelon\documents\github\rubikscuberobot\rcr_ch\界面原程序\imgui_opengl3\opengl3\opengl3\release\imgui_opengl3.tlog\cl.write.1.tlog
c:\users\shinelon\documents\github\rubikscuberobot\rcr_ch\界面原程序\imgui_opengl3\opengl3\opengl3\release\imgui_opengl3.tlog\imgui_opengl3.write.1u.tlog
c:\users\shinelon\documents\github\rubikscuberobot\rcr_ch\界面原程序\imgui_opengl3\opengl3\opengl3\release\imgui_opengl3.tlog\link.command.1.tlog
c:\users\shinelon\documents\github\rubikscuberobot\rcr_ch\界面原程序\imgui_opengl3\opengl3\opengl3\release\imgui_opengl3.tlog\link.read.1.tlog
c:\users\shinelon\documents\github\rubikscuberobot\rcr_ch\界面原程序\imgui_opengl3\opengl3\opengl3\release\imgui_opengl3.tlog\link.write.1.tlog
