  imgui.cpp
  imgui_demo.cpp
  imgui_draw.cpp
  imgui_impl_glfw.cpp
  imgui_impl_opengl3.cpp
  CameraConfigUI.cpp
c:\users\shinelon\documents\github\rubikscuberobot\rcr_ch\界面原程序\imgui_opengl3\opengl3\opengl3\cameraconfigui.cpp(114): warning C4100: 'show': unreferenced formal parameter
c:\users\shinelon\documents\github\rubikscuberobot\rcr_ch\界面原程序\imgui_opengl3\opengl3\opengl3\cameraconfigui.cpp(114): warning C4100: 'window': unreferenced formal parameter
  CameraUI.cpp
c:\users\shinelon\documents\github\rubikscuberobot\rcr_ch\界面原程序\imgui_opengl3\opengl3\opengl3\cameraui.cpp(42): warning C4100: 'window': unreferenced formal parameter
c:\users\shinelon\documents\github\rubikscuberobot\rcr_ch\界面原程序\imgui_opengl3\opengl3\opengl3\cameraui.cpp(64): warning C4100: 'show': unreferenced formal parameter
c:\users\shinelon\documents\github\rubikscuberobot\rcr_ch\界面原程序\imgui_opengl3\opengl3\opengl3\cameraui.cpp(80): warning C4100: 'window': unreferenced formal parameter
c:\users\shinelon\documents\github\rubikscuberobot\rcr_ch\界面原程序\imgui_opengl3\opengl3\opengl3\cameraui.cpp(101): warning C4100: 'window': unreferenced formal parameter
  colorDefine.cpp
  Config.cpp
  Cube3DUI.cpp
c:\users\shinelon\documents\github\rubikscuberobot\rcr_ch\界面原程序\imgui_opengl3\opengl3\opengl3\cube3dui.cpp(437): warning C4457: declaration of 'show' hides function parameter
  c:\users\shinelon\documents\github\rubikscuberobot\rcr_ch\界面原程序\imgui_opengl3\opengl3\opengl3\cube3dui.cpp(267): note: see declaration of 'show'
c:\users\shinelon\documents\github\rubikscuberobot\rcr_ch\界面原程序\imgui_opengl3\opengl3\opengl3\cube3dui.cpp(267): warning C4100: 'show': unreferenced formal parameter
c:\users\shinelon\documents\github\rubikscuberobot\rcr_ch\界面原程序\imgui_opengl3\opengl3\opengl3\cube3dui.cpp(267): warning C4100: 'window': unreferenced formal parameter
  cubeTracker.cpp
  k_Combinatorics.cpp
  k_CoordSys.cpp
  k_Cube.cpp
  k_CubeParser.cpp
  k_FaceletCube.cpp
  k_KociMain.cpp
  k_KociMainFunc.cpp
  k_MoveTable.cpp
  k_PruningTable.cpp
  Generating Code...
  Compiling...
  k_RubiksCube.cpp
  k_Solver.cpp
c:\users\shinelon\documents\github\rubikscuberobot\rcr_ch\界面原程序\imgui_opengl3\opengl3\opengl3\k_solver.cpp(124): warning C4100: 'run': unreferenced formal parameter
  k_Step.cpp
c:\users\shinelon\documents\github\rubikscuberobot\rcr_ch\界面原程序\imgui_opengl3\opengl3\opengl3\k_step.cpp(96): warning C4267: 'argument': conversion from 'size_t' to 'int', possible loss of data
c:\users\shinelon\documents\github\rubikscuberobot\rcr_ch\界面原程序\imgui_opengl3\opengl3\opengl3\k_step.cpp(113): warning C4267: 'argument': conversion from 'size_t' to 'int', possible loss of data
c:\users\shinelon\documents\github\rubikscuberobot\rcr_ch\界面原程序\imgui_opengl3\opengl3\opengl3\k_step.cpp(127): warning C4267: 'argument': conversion from 'size_t' to 'int', possible loss of data
c:\users\shinelon\documents\github\rubikscuberobot\rcr_ch\界面原程序\imgui_opengl3\opengl3\opengl3\k_step.cpp(128): warning C4267: 'argument': conversion from 'size_t' to 'int', possible loss of data
c:\users\shinelon\documents\github\rubikscuberobot\rcr_ch\界面原程序\imgui_opengl3\opengl3\opengl3\k_step.cpp(139): warning C4267: 'argument': conversion from 'size_t' to 'int', possible loss of data
c:\users\shinelon\documents\github\rubikscuberobot\rcr_ch\界面原程序\imgui_opengl3\opengl3\opengl3\k_step.cpp(140): warning C4267: 'argument': conversion from 'size_t' to 'int', possible loss of data
c:\users\shinelon\documents\github\rubikscuberobot\rcr_ch\界面原程序\imgui_opengl3\opengl3\opengl3\k_step.cpp(144): warning C4267: 'argument': conversion from 'size_t' to 'int', possible loss of data
c:\users\shinelon\documents\github\rubikscuberobot\rcr_ch\界面原程序\imgui_opengl3\opengl3\opengl3\k_step.cpp(145): warning C4267: 'argument': conversion from 'size_t' to 'int', possible loss of data
c:\users\shinelon\documents\github\rubikscuberobot\rcr_ch\界面原程序\imgui_opengl3\opengl3\opengl3\k_step.cpp(150): warning C4267: 'argument': conversion from 'size_t' to 'int', possible loss of data
c:\users\shinelon\documents\github\rubikscuberobot\rcr_ch\界面原程序\imgui_opengl3\opengl3\opengl3\k_step.cpp(151): warning C4267: 'argument': conversion from 'size_t' to 'int', possible loss of data
c:\users\shinelon\documents\github\rubikscuberobot\rcr_ch\界面原程序\imgui_opengl3\opengl3\opengl3\k_step.cpp(163): warning C4267: 'argument': conversion from 'size_t' to 'int', possible loss of data
c:\users\shinelon\documents\github\rubikscuberobot\rcr_ch\界面原程序\imgui_opengl3\opengl3\opengl3\k_step.cpp(164): warning C4267: 'argument': conversion from 'size_t' to 'int', possible loss of data
c:\users\shinelon\documents\github\rubikscuberobot\rcr_ch\界面原程序\imgui_opengl3\opengl3\opengl3\k_step.cpp(168): warning C4267: 'argument': conversion from 'size_t' to 'int', possible loss of data
c:\users\shinelon\documents\github\rubikscuberobot\rcr_ch\界面原程序\imgui_opengl3\opengl3\opengl3\k_step.cpp(169): warning C4267: 'argument': conversion from 'size_t' to 'int', possible loss of data
c:\users\shinelon\documents\github\rubikscuberobot\rcr_ch\界面原程序\imgui_opengl3\opengl3\opengl3\k_step.cpp(174): warning C4267: 'argument': conversion from 'size_t' to 'int', possible loss of data
c:\users\shinelon\documents\github\rubikscuberobot\rcr_ch\界面原程序\imgui_opengl3\opengl3\opengl3\k_step.cpp(175): warning C4267: 'argument': conversion from 'size_t' to 'int', possible loss of data
c:\users\shinelon\documents\github\rubikscuberobot\rcr_ch\界面原程序\imgui_opengl3\opengl3\opengl3\k_step.cpp(261): warning C4267: 'argument': conversion from 'size_t' to 'int', possible loss of data
c:\users\shinelon\documents\github\rubikscuberobot\rcr_ch\界面原程序\imgui_opengl3\opengl3\opengl3\k_step.cpp(277): warning C4267: 'argument': conversion from 'size_t' to 'int', possible loss of data
c:\users\shinelon\documents\github\rubikscuberobot\rcr_ch\界面原程序\imgui_opengl3\opengl3\opengl3\k_step.cpp(278): warning C4267: 'argument': conversion from 'size_t' to 'int', possible loss of data
c:\users\shinelon\documents\github\rubikscuberobot\rcr_ch\界面原程序\imgui_opengl3\opengl3\opengl3\k_step.cpp(284): warning C4267: 'argument': conversion from 'size_t' to 'int', possible loss of data
c:\users\shinelon\documents\github\rubikscuberobot\rcr_ch\界面原程序\imgui_opengl3\opengl3\opengl3\k_step.cpp(285): warning C4267: 'argument': conversion from 'size_t' to 'int', possible loss of data
c:\users\shinelon\documents\github\rubikscuberobot\rcr_ch\界面原程序\imgui_opengl3\opengl3\opengl3\k_step.cpp(305): warning C4267: 'argument': conversion from 'size_t' to 'int', possible loss of data
c:\users\shinelon\documents\github\rubikscuberobot\rcr_ch\界面原程序\imgui_opengl3\opengl3\opengl3\k_step.cpp(306): warning C4267: 'argument': conversion from 'size_t' to 'int', possible loss of data
c:\users\shinelon\documents\github\rubikscuberobot\rcr_ch\界面原程序\imgui_opengl3\opengl3\opengl3\k_step.cpp(310): warning C4267: 'argument': conversion from 'size_t' to 'int', possible loss of data
c:\users\shinelon\documents\github\rubikscuberobot\rcr_ch\界面原程序\imgui_opengl3\opengl3\opengl3\k_step.cpp(311): warning C4267: 'argument': conversion from 'size_t' to 'int', possible loss of data
c:\users\shinelon\documents\github\rubikscuberobot\rcr_ch\界面原程序\imgui_opengl3\opengl3\opengl3\k_step.cpp(316): warning C4267: 'argument': conversion from 'size_t' to 'int', possible loss of data
c:\users\shinelon\documents\github\rubikscuberobot\rcr_ch\界面原程序\imgui_opengl3\opengl3\opengl3\k_step.cpp(317): warning C4267: 'argument': conversion from 'size_t' to 'int', possible loss of data
c:\users\shinelon\documents\github\rubikscuberobot\rcr_ch\界面原程序\imgui_opengl3\opengl3\opengl3\k_step.cpp(329): warning C4267: 'argument': conversion from 'size_t' to 'int', possible loss of data
c:\users\shinelon\documents\github\rubikscuberobot\rcr_ch\界面原程序\imgui_opengl3\opengl3\opengl3\k_step.cpp(330): warning C4267: 'argument': conversion from 'size_t' to 'int', possible loss of data
c:\users\shinelon\documents\github\rubikscuberobot\rcr_ch\界面原程序\imgui_opengl3\opengl3\opengl3\k_step.cpp(334): warning C4267: 'argument': conversion from 'size_t' to 'int', possible loss of data
c:\users\shinelon\documents\github\rubikscuberobot\rcr_ch\界面原程序\imgui_opengl3\opengl3\opengl3\k_step.cpp(335): warning C4267: 'argument': conversion from 'size_t' to 'int', possible loss of data
c:\users\shinelon\documents\github\rubikscuberobot\rcr_ch\界面原程序\imgui_opengl3\opengl3\opengl3\k_step.cpp(340): warning C4267: 'argument': conversion from 'size_t' to 'int', possible loss of data
c:\users\shinelon\documents\github\rubikscuberobot\rcr_ch\界面原程序\imgui_opengl3\opengl3\opengl3\k_step.cpp(341): warning C4267: 'argument': conversion from 'size_t' to 'int', possible loss of data
c:\users\shinelon\documents\github\rubikscuberobot\rcr_ch\界面原程序\imgui_opengl3\opengl3\opengl3\k_step.cpp(355): warning C4267: 'argument': conversion from 'size_t' to 'int', possible loss of data
c:\users\shinelon\documents\github\rubikscuberobot\rcr_ch\界面原程序\imgui_opengl3\opengl3\opengl3\k_step.cpp(358): warning C4267: 'argument': conversion from 'size_t' to 'int', possible loss of data
c:\users\shinelon\documents\github\rubikscuberobot\rcr_ch\界面原程序\imgui_opengl3\opengl3\opengl3\k_step.cpp(372): warning C4267: 'argument': conversion from 'size_t' to 'int', possible loss of data
c:\users\shinelon\documents\github\rubikscuberobot\rcr_ch\界面原程序\imgui_opengl3\opengl3\opengl3\k_step.cpp(373): warning C4267: 'argument': conversion from 'size_t' to 'int', possible loss of data
c:\users\shinelon\documents\github\rubikscuberobot\rcr_ch\界面原程序\imgui_opengl3\opengl3\opengl3\k_step.cpp(377): warning C4267: 'argument': conversion from 'size_t' to 'int', possible loss of data
c:\users\shinelon\documents\github\rubikscuberobot\rcr_ch\界面原程序\imgui_opengl3\opengl3\opengl3\k_step.cpp(378): warning C4267: 'argument': conversion from 'size_t' to 'int', possible loss of data
c:\users\shinelon\documents\github\rubikscuberobot\rcr_ch\界面原程序\imgui_opengl3\opengl3\opengl3\k_step.cpp(383): warning C4267: 'argument': conversion from 'size_t' to 'int', possible loss of data
c:\users\shinelon\documents\github\rubikscuberobot\rcr_ch\界面原程序\imgui_opengl3\opengl3\opengl3\k_step.cpp(384): warning C4267: 'argument': conversion from 'size_t' to 'int', possible loss of data
c:\users\shinelon\documents\github\rubikscuberobot\rcr_ch\界面原程序\imgui_opengl3\opengl3\opengl3\k_step.cpp(391): warning C4267: 'argument': conversion from 'size_t' to 'int', possible loss of data
c:\users\shinelon\documents\github\rubikscuberobot\rcr_ch\界面原程序\imgui_opengl3\opengl3\opengl3\k_step.cpp(392): warning C4267: 'argument': conversion from 'size_t' to 'int', possible loss of data
c:\users\shinelon\documents\github\rubikscuberobot\rcr_ch\界面原程序\imgui_opengl3\opengl3\opengl3\k_step.cpp(398): warning C4267: 'argument': conversion from 'size_t' to 'int', possible loss of data
c:\users\shinelon\documents\github\rubikscuberobot\rcr_ch\界面原程序\imgui_opengl3\opengl3\opengl3\k_step.cpp(399): warning C4267: 'argument': conversion from 'size_t' to 'int', possible loss of data
c:\users\shinelon\documents\github\rubikscuberobot\rcr_ch\界面原程序\imgui_opengl3\opengl3\opengl3\k_step.cpp(410): warning C4267: 'argument': conversion from 'size_t' to 'int', possible loss of data
c:\users\shinelon\documents\github\rubikscuberobot\rcr_ch\界面原程序\imgui_opengl3\opengl3\opengl3\k_step.cpp(411): warning C4267: 'argument': conversion from 'size_t' to 'int', possible loss of data
c:\users\shinelon\documents\github\rubikscuberobot\rcr_ch\界面原程序\imgui_opengl3\opengl3\opengl3\k_step.cpp(415): warning C4267: 'argument': conversion from 'size_t' to 'int', possible loss of data
c:\users\shinelon\documents\github\rubikscuberobot\rcr_ch\界面原程序\imgui_opengl3\opengl3\opengl3\k_step.cpp(416): warning C4267: 'argument': conversion from 'size_t' to 'int', possible loss of data
c:\users\shinelon\documents\github\rubikscuberobot\rcr_ch\界面原程序\imgui_opengl3\opengl3\opengl3\k_step.cpp(421): warning C4267: 'argument': conversion from 'size_t' to 'int', possible loss of data
c:\users\shinelon\documents\github\rubikscuberobot\rcr_ch\界面原程序\imgui_opengl3\opengl3\opengl3\k_step.cpp(422): warning C4267: 'argument': conversion from 'size_t' to 'int', possible loss of data
c:\users\shinelon\documents\github\rubikscuberobot\rcr_ch\界面原程序\imgui_opengl3\opengl3\opengl3\k_step.cpp(435): warning C4267: 'argument': conversion from 'size_t' to 'int', possible loss of data
c:\users\shinelon\documents\github\rubikscuberobot\rcr_ch\界面原程序\imgui_opengl3\opengl3\opengl3\k_step.cpp(437): warning C4267: 'argument': conversion from 'size_t' to 'int', possible loss of data
c:\users\shinelon\documents\github\rubikscuberobot\rcr_ch\界面原程序\imgui_opengl3\opengl3\opengl3\k_step.cpp(440): warning C4267: 'argument': conversion from 'size_t' to 'int', possible loss of data
c:\users\shinelon\documents\github\rubikscuberobot\rcr_ch\界面原程序\imgui_opengl3\opengl3\opengl3\k_step.cpp(442): warning C4267: 'argument': conversion from 'size_t' to 'int', possible loss of data
c:\users\shinelon\documents\github\rubikscuberobot\rcr_ch\界面原程序\imgui_opengl3\opengl3\opengl3\k_step.cpp(456): warning C4267: 'argument': conversion from 'size_t' to 'int', possible loss of data
c:\users\shinelon\documents\github\rubikscuberobot\rcr_ch\界面原程序\imgui_opengl3\opengl3\opengl3\k_step.cpp(459): warning C4267: 'argument': conversion from 'size_t' to 'int', possible loss of data
c:\users\shinelon\documents\github\rubikscuberobot\rcr_ch\界面原程序\imgui_opengl3\opengl3\opengl3\k_step.cpp(473): warning C4267: 'argument': conversion from 'size_t' to 'int', possible loss of data
c:\users\shinelon\documents\github\rubikscuberobot\rcr_ch\界面原程序\imgui_opengl3\opengl3\opengl3\k_step.cpp(474): warning C4267: 'argument': conversion from 'size_t' to 'int', possible loss of data
c:\users\shinelon\documents\github\rubikscuberobot\rcr_ch\界面原程序\imgui_opengl3\opengl3\opengl3\k_step.cpp(478): warning C4267: 'argument': conversion from 'size_t' to 'int', possible loss of data
c:\users\shinelon\documents\github\rubikscuberobot\rcr_ch\界面原程序\imgui_opengl3\opengl3\opengl3\k_step.cpp(479): warning C4267: 'argument': conversion from 'size_t' to 'int', possible loss of data
c:\users\shinelon\documents\github\rubikscuberobot\rcr_ch\界面原程序\imgui_opengl3\opengl3\opengl3\k_step.cpp(484): warning C4267: 'argument': conversion from 'size_t' to 'int', possible loss of data
c:\users\shinelon\documents\github\rubikscuberobot\rcr_ch\界面原程序\imgui_opengl3\opengl3\opengl3\k_step.cpp(485): warning C4267: 'argument': conversion from 'size_t' to 'int', possible loss of data
c:\users\shinelon\documents\github\rubikscuberobot\rcr_ch\界面原程序\imgui_opengl3\opengl3\opengl3\k_step.cpp(492): warning C4267: 'argument': conversion from 'size_t' to 'int', possible loss of data
c:\users\shinelon\documents\github\rubikscuberobot\rcr_ch\界面原程序\imgui_opengl3\opengl3\opengl3\k_step.cpp(493): warning C4267: 'argument': conversion from 'size_t' to 'int', possible loss of data
c:\users\shinelon\documents\github\rubikscuberobot\rcr_ch\界面原程序\imgui_opengl3\opengl3\opengl3\k_step.cpp(499): warning C4267: 'argument': conversion from 'size_t' to 'int', possible loss of data
c:\users\shinelon\documents\github\rubikscuberobot\rcr_ch\界面原程序\imgui_opengl3\opengl3\opengl3\k_step.cpp(500): warning C4267: 'argument': conversion from 'size_t' to 'int', possible loss of data
c:\users\shinelon\documents\github\rubikscuberobot\rcr_ch\界面原程序\imgui_opengl3\opengl3\opengl3\k_step.cpp(511): warning C4267: 'argument': conversion from 'size_t' to 'int', possible loss of data
c:\users\shinelon\documents\github\rubikscuberobot\rcr_ch\界面原程序\imgui_opengl3\opengl3\opengl3\k_step.cpp(512): warning C4267: 'argument': conversion from 'size_t' to 'int', possible loss of data
c:\users\shinelon\documents\github\rubikscuberobot\rcr_ch\界面原程序\imgui_opengl3\opengl3\opengl3\k_step.cpp(516): warning C4267: 'argument': conversion from 'size_t' to 'int', possible loss of data
c:\users\shinelon\documents\github\rubikscuberobot\rcr_ch\界面原程序\imgui_opengl3\opengl3\opengl3\k_step.cpp(517): warning C4267: 'argument': conversion from 'size_t' to 'int', possible loss of data
c:\users\shinelon\documents\github\rubikscuberobot\rcr_ch\界面原程序\imgui_opengl3\opengl3\opengl3\k_step.cpp(522): warning C4267: 'argument': conversion from 'size_t' to 'int', possible loss of data
c:\users\shinelon\documents\github\rubikscuberobot\rcr_ch\界面原程序\imgui_opengl3\opengl3\opengl3\k_step.cpp(523): warning C4267: 'argument': conversion from 'size_t' to 'int', possible loss of data
c:\users\shinelon\documents\github\rubikscuberobot\rcr_ch\界面原程序\imgui_opengl3\opengl3\opengl3\k_step.cpp(532): warning C4267: 'argument': conversion from 'size_t' to 'int', possible loss of data
c:\users\shinelon\documents\github\rubikscuberobot\rcr_ch\界面原程序\imgui_opengl3\opengl3\opengl3\k_step.cpp(534): warning C4267: 'argument': conversion from 'size_t' to 'int', possible loss of data
c:\users\shinelon\documents\github\rubikscuberobot\rcr_ch\界面原程序\imgui_opengl3\opengl3\opengl3\k_step.cpp(537): warning C4267: 'argument': conversion from 'size_t' to 'int', possible loss of data
c:\users\shinelon\documents\github\rubikscuberobot\rcr_ch\界面原程序\imgui_opengl3\opengl3\opengl3\k_step.cpp(539): warning C4267: 'argument': conversion from 'size_t' to 'int', possible loss of data
c:\users\shinelon\documents\github\rubikscuberobot\rcr_ch\界面原程序\imgui_opengl3\opengl3\opengl3\k_step.cpp(580): warning C4239: nonstandard extension used: 'initializing': conversion from 'std::_Vector_iterator<std::_Vector_val<std::_Simple_types<_Ty>>>' to 'std::_Vector_iterator<std::_Vector_val<std::_Simple_types<_Ty>>> &'
          with
          [
              _Ty=std::string
          ]
  c:\users\shinelon\documents\github\rubikscuberobot\rcr_ch\界面原程序\imgui_opengl3\opengl3\opengl3\k_step.cpp(580): note: A non-const reference may only be bound to an lvalue
c:\users\shinelon\documents\github\rubikscuberobot\rcr_ch\界面原程序\imgui_opengl3\opengl3\opengl3\k_step.cpp(725): warning C4267: 'argument': conversion from 'size_t' to 'int', possible loss of data
c:\users\shinelon\documents\github\rubikscuberobot\rcr_ch\界面原程序\imgui_opengl3\opengl3\opengl3\k_step.cpp(727): warning C4267: 'argument': conversion from 'size_t' to 'int', possible loss of data
c:\users\shinelon\documents\github\rubikscuberobot\rcr_ch\界面原程序\imgui_opengl3\opengl3\opengl3\k_step.cpp(736): warning C4267: 'argument': conversion from 'size_t' to 'int', possible loss of data
c:\users\shinelon\documents\github\rubikscuberobot\rcr_ch\界面原程序\imgui_opengl3\opengl3\opengl3\k_step.cpp(738): warning C4267: 'argument': conversion from 'size_t' to 'int', possible loss of data
c:\users\shinelon\documents\github\rubikscuberobot\rcr_ch\界面原程序\imgui_opengl3\opengl3\opengl3\k_step.cpp(748): warning C4267: 'argument': conversion from 'size_t' to 'int', possible loss of data
c:\users\shinelon\documents\github\rubikscuberobot\rcr_ch\界面原程序\imgui_opengl3\opengl3\opengl3\k_step.cpp(750): warning C4267: 'argument': conversion from 'size_t' to 'int', possible loss of data
c:\users\shinelon\documents\github\rubikscuberobot\rcr_ch\界面原程序\imgui_opengl3\opengl3\opengl3\k_step.cpp(759): warning C4267: 'argument': conversion from 'size_t' to 'int', possible loss of data
c:\users\shinelon\documents\github\rubikscuberobot\rcr_ch\界面原程序\imgui_opengl3\opengl3\opengl3\k_step.cpp(762): warning C4267: 'argument': conversion from 'size_t' to 'int', possible loss of data
c:\users\shinelon\documents\github\rubikscuberobot\rcr_ch\界面原程序\imgui_opengl3\opengl3\opengl3\k_step.cpp(763): warning C4267: 'argument': conversion from 'size_t' to 'int', possible loss of data
c:\users\shinelon\documents\github\rubikscuberobot\rcr_ch\界面原程序\imgui_opengl3\opengl3\opengl3\k_step.cpp(765): warning C4267: 'argument': conversion from 'size_t' to 'int', possible loss of data
  k_Vector.cpp
  main.cpp
  MainUI.cpp
  Serial.cpp
  SerialPortUI.cpp
c:\users\shinelon\documents\github\rubikscuberobot\rcr_ch\界面原程序\imgui_opengl3\opengl3\opengl3\serialportui.cpp(27): warning C4100: 'show': unreferenced formal parameter
c:\users\shinelon\documents\github\rubikscuberobot\rcr_ch\界面原程序\imgui_opengl3\opengl3\opengl3\serialportui.cpp(27): warning C4100: 'window': unreferenced formal parameter
  Timer.cpp
  Generating Code...
  gl3w.c
  imgui_opengl3.vcxproj -> C:\Users\Shinelon\Documents\GitHub\RubiksCubeRobot\RCR_ch\界面原程序\imgui_opengl3\opengl3\opengl3\Debug\imgui_opengl3.exe
